# JRE version: Java(TM) SE Runtime Environment (8.0_65-b17) (build 1.8.0_65-b17)
# Java VM: Java HotSpot(TM) 64-Bit Server VM (25.65-b01 mixed mode windows-amd64 compressed oops)
Heap:
 PSYoungGen      total 250368K, used 138752K [0x00000000e0980000, 0x00000000f8a00000, 0x0000000100000000)
  eden space 138752K, 100% used [0x00000000e0980000,0x00000000e9100000,0x00000000e9100000)
  from space 111616K, 0% used [0x00000000f0980000,0x00000000f0980000,0x00000000f7680000)
  to   space 123392K, 4% used [0x00000000e9100000,0x00000000e9608000,0x00000000f0980000)
 ParOldGen       total 1029632K, used 758372K [0x00000000a1c00000, 0x00000000e0980000, 0x00000000e0980000)
  object space 1029632K, 73% used [0x00000000a1c00000,0x00000000d00990a0,0x00000000e0980000)
 Metaspace       used 2514K, capacity 4490K, committed 4864K, reserved 1056768K
  class space    used 284K, capacity 386K, committed 512K, reserved 1048576K
GC Heap History (10 events):
Event: 23.648 GC heap after
Heap after GC invocations=13 (full 5):
 PSYoungGen      total 220672K, used 0K [0x00000000e0980000, 0x00000000f5680000, 0x0000000100000000)
  eden space 125952K, 0% used [0x00000000e0980000,0x00000000e0980000,0x00000000e8480000)
  from space 94720K, 0% used [0x00000000efa00000,0x00000000efa00000,0x00000000f5680000)
  to   space 107520K, 0% used [0x00000000e8480000,0x00000000e8480000,0x00000000eed80000)
 ParOldGen       total 687616K, used 368718K [0x00000000a1c00000, 0x00000000cbb80000, 0x00000000e0980000)
  object space 687616K, 53% used [0x00000000a1c00000,0x00000000b8413820,0x00000000cbb80000)
 Metaspace       used 2514K, capacity 4490K, committed 4864K, reserved 1056768K
  class space    used 284K, capacity 386K, committed 512K, reserved 1048576K
}
Event: 23.753 GC heap before
{Heap before GC invocations=14 (full 5):
 PSYoungGen      total 220672K, used 125952K [0x00000000e0980000, 0x00000000f5680000, 0x0000000100000000)
  eden space 125952K, 100% used [0x00000000e0980000,0x00000000e8480000,0x00000000e8480000)
  from space 94720K, 0% used [0x00000000efa00000,0x00000000efa00000,0x00000000f5680000)
  to   space 107520K, 0% used [0x00000000e8480000,0x00000000e8480000,0x00000000eed80000)
 ParOldGen       total 687616K, used 368718K [0x00000000a1c00000, 0x00000000cbb80000, 0x00000000e0980000)
  object space 687616K, 53% used [0x00000000a1c00000,0x00000000b8413820,0x00000000cbb80000)
 Metaspace       used 2514K, capacity 4490K, committed 4864K, reserved 1056768K
  class space    used 284K, capacity 386K, committed 512K, reserved 1048576K
Event: 24.296 GC heap after
Heap after GC invocations=14 (full 5):
 PSYoungGen      total 233472K, used 78592K [0x00000000e0980000, 0x00000000f7680000, 0x0000000100000000)
  eden space 125952K, 0% used [0x00000000e0980000,0x00000000e0980000,0x00000000e8480000)
  from space 107520K, 73% used [0x00000000e8480000,0x00000000ed140000,0x00000000eed80000)
  to   space 111616K, 0% used [0x00000000f0980000,0x00000000f0980000,0x00000000f7680000)
 ParOldGen       total 687616K, used 368718K [0x00000000a1c00000, 0x00000000cbb80000, 0x00000000e0980000)
  object space 687616K, 53% used [0x00000000a1c00000,0x00000000b8413820,0x00000000cbb80000)
 Metaspace       used 2514K, capacity 4490K, committed 4864K, reserved 1056768K
  class space    used 284K, capacity 386K, committed 512K, reserved 1048576K
}
Event: 24.492 GC heap before
{Heap before GC invocations=15 (full 6):
 PSYoungGen      total 233472K, used 204544K [0x00000000e0980000, 0x00000000f7680000, 0x0000000100000000)
  eden space 125952K, 100% used [0x00000000e0980000,0x00000000e8480000,0x00000000e8480000)
  from space 107520K, 73% used [0x00000000e8480000,0x00000000ed140000,0x00000000eed80000)
  to   space 111616K, 0% used [0x00000000f0980000,0x00000000f0980000,0x00000000f7680000)
 ParOldGen       total 687616K, used 684034K [0x00000000a1c00000, 0x00000000cbb80000, 0x00000000e0980000)
  object space 687616K, 99% used [0x00000000a1c00000,0x00000000cb8008d0,0x00000000cbb80000)
 Metaspace       used 2514K, capacity 4490K, committed 4864K, reserved 1056768K
  class space    used 284K, capacity 386K, committed 512K, reserved 1048576K
Event: 31.467 GC heap after
Heap after GC invocations=15 (full 6):
 PSYoungGen      total 233472K, used 0K [0x00000000e0980000, 0x00000000f7680000, 0x0000000100000000)
  eden space 125952K, 0% used [0x00000000e0980000,0x00000000e0980000,0x00000000e8480000)
  from space 107520K, 0% used [0x00000000e8480000,0x00000000e8480000,0x00000000eed80000)
  to   space 111616K, 0% used [0x00000000f0980000,0x00000000f0980000,0x00000000f7680000)
 ParOldGen       total 941568K, used 534949K [0x00000000a1c00000, 0x00000000db380000, 0x00000000e0980000)
  object space 941568K, 56% used [0x00000000a1c00000,0x00000000c26697e0,0x00000000db380000)
 Metaspace       used 2514K, capacity 4490K, committed 4864K, reserved 1056768K
  class space    used 284K, capacity 386K, committed 512K, reserved 1048576K
}
Event: 31.604 GC heap before
{Heap before GC invocations=16 (full 6):
 PSYoungGen      total 233472K, used 125952K [0x00000000e0980000, 0x00000000f7680000, 0x0000000100000000)
  eden space 125952K, 100% used [0x00000000e0980000,0x00000000e8480000,0x00000000e8480000)
  from space 107520K, 0% used [0x00000000e8480000,0x00000000e8480000,0x00000000eed80000)
  to   space 111616K, 0% used [0x00000000f0980000,0x00000000f0980000,0x00000000f7680000)
 ParOldGen       total 941568K, used 534949K [0x00000000a1c00000, 0x00000000db380000, 0x00000000e0980000)
  object space 941568K, 56% used [0x00000000a1c00000,0x00000000c26697e0,0x00000000db380000)
 Metaspace       used 2514K, capacity 4490K, committed 4864K, reserved 1056768K
  class space    used 284K, capacity 386K, committed 512K, reserved 1048576K
Event: 32.521 GC heap after
Heap after GC invocations=16 (full 6):
 PSYoungGen      total 250368K, used 101952K [0x00000000e0980000, 0x00000000f8a00000, 0x0000000100000000)
  eden space 138752K, 0% used [0x00000000e0980000,0x00000000e0980000,0x00000000e9100000)
  from space 111616K, 91% used [0x00000000f0980000,0x00000000f6d10000,0x00000000f7680000)
  to   space 123392K, 0% used [0x00000000e9100000,0x00000000e9100000,0x00000000f0980000)
 ParOldGen       total 941568K, used 534949K [0x00000000a1c00000, 0x00000000db380000, 0x00000000e0980000)
  object space 941568K, 56% used [0x00000000a1c00000,0x00000000c26697e0,0x00000000db380000)
 Metaspace       used 2514K, capacity 4490K, committed 4864K, reserved 1056768K
  class space    used 284K, capacity 386K, committed 512K, reserved 1048576K
}
Event: 32.956 GC heap before
{Heap before GC invocations=17 (full 7):
 PSYoungGen      total 250368K, used 240704K [0x00000000e0980000, 0x00000000f8a00000, 0x0000000100000000)
  eden space 138752K, 100% used [0x00000000e0980000,0x00000000e9100000,0x00000000e9100000)
  from space 111616K, 91% used [0x00000000f0980000,0x00000000f6d10000,0x00000000f7680000)
  to   space 123392K, 0% used [0x00000000e9100000,0x00000000e9100000,0x00000000f0980000)
 ParOldGen       total 1029632K, used 1007924K [0x00000000a1c00000, 0x00000000e0980000, 0x00000000e0980000)
  object space 1029632K, 97% used [0x00000000a1c00000,0x00000000df44d0d0,0x00000000e0980000)
 Metaspace       used 2514K, capacity 4490K, committed 4864K, reserved 1056768K
  class space    used 284K, capacity 386K, committed 512K, reserved 1048576K
Event: 44.699 GC heap after
Heap after GC invocations=17 (full 7):
 PSYoungGen      total 250368K, used 0K [0x00000000e0980000, 0x00000000f8a00000, 0x0000000100000000)
  eden space 138752K, 0% used [0x00000000e0980000,0x00000000e0980000,0x00000000e9100000)
  from space 111616K, 0% used [0x00000000f0980000,0x00000000f0980000,0x00000000f7680000)
  to   space 123392K, 0% used [0x00000000e9100000,0x00000000e9100000,0x00000000f0980000)
 ParOldGen       total 1029632K, used 758372K [0x00000000a1c00000, 0x00000000e0980000, 0x00000000e0980000)
  object space 1029632K, 73% used [0x00000000a1c00000,0x00000000d00990a0,0x00000000e0980000)
 Metaspace       used 2514K, capacity 4490K, committed 4864K, reserved 1056768K
  class space    used 284K, capacity 386K, committed 512K, reserved 1048576K
}
Event: 44.879 GC heap before
{Heap before GC invocations=18 (full 7):
 PSYoungGen      total 250368K, used 138752K [0x00000000e0980000, 0x00000000f8a00000, 0x0000000100000000)
  eden space 138752K, 100% used [0x00000000e0980000,0x00000000e9100000,0x00000000e9100000)
  from space 111616K, 0% used [0x00000000f0980000,0x00000000f0980000,0x00000000f7680000)
  to   space 123392K, 0% used [0x00000000e9100000,0x00000000e9100000,0x00000000f0980000)
 ParOldGen       total 1029632K, used 758372K [0x00000000a1c00000, 0x00000000e0980000, 0x00000000e0980000)
  object space 1029632K, 73% used [0x00000000a1c00000,0x00000000d00990a0,0x00000000e0980000)
 Metaspace       used 2514K, capacity 4490K, committed 4864K, reserved 1056768K
  class space    used 284K, capacity 386K, committed 512K, reserved 1048576K

